
============================================================
π/2 Hebbian Training Setup
============================================================
GPU: Tesla P40 (23.9GB)

Model: 1.57B (2304h, 24L)
π/2 Model Created
  Parameters: 1,681,224,192
  Hidden: 2304
  Layers: 24
  Heads: 18
  Weight std (expected): 0.012732
  Weight std (actual):   0.012733
  π/2 = 1.570796

Applying π/2 phase quantization...
  Magnitude params: 1,831,993,344
  Memory estimate: 7328.0 MB

Resuming from: /home/keeg/pi2_training/output_model_b_phase2/checkpoints/hebbian_step_5000(Phase2)B.pt
  Loaded checkpoint from step 5000
  Previous avg loss: 0.0872

GPU memory used: 9.16 GB

Loading data: /home/keeg/pi2_training/phase3_all_combined.jsonl

============================================================
Starting π/2 Hebbian Training
============================================================
Learning rate: 0.001
Steps: 5000
Rotation angles: [0.0, 1.570796, 3.141593, 4.712389]
============================================================

Step 10/5000 | Consistency: 0.0624 | Avg: 0.1816 | Samples/s: 1
Step 20/5000 | Consistency: 0.0548 | Avg: 0.1325 | Samples/s: 1
Step 30/5000 | Consistency: 0.1111 | Avg: 0.1115 | Samples/s: 1
Step 40/5000 | Consistency: 0.0835 | Avg: 0.1035 | Samples/s: 1
Step 50/5000 | Consistency: 0.0683 | Avg: 0.1029 | Samples/s: 1
Step 60/5000 | Consistency: 0.0930 | Avg: 0.0992 | Samples/s: 1
Step 70/5000 | Consistency: 0.1817 | Avg: 0.1034 | Samples/s: 1
Step 80/5000 | Consistency: 0.2359 | Avg: 0.1170 | Samples/s: 1
Step 90/5000 | Consistency: 0.1193 | Avg: 0.1112 | Samples/s: 1
Step 100/5000 | Consistency: 0.1293 | Avg: 0.1155 | Samples/s: 1
Step 110/5000 | Consistency: 0.0696 | Avg: 0.1134 | Samples/s: 1
Step 120/5000 | Consistency: 0.0639 | Avg: 0.1090 | Samples/s: 1
Step 130/5000 | Consistency: 0.0360 | Avg: 0.1064 | Samples/s: 1
Step 140/5000 | Consistency: 0.2092 | Avg: 0.1069 | Samples/s: 1
Step 150/5000 | Consistency: 0.0927 | Avg: 0.1086 | Samples/s: 1
Step 160/5000 | Consistency: 0.2602 | Avg: 0.1161 | Samples/s: 1
Step 170/5000 | Consistency: 0.2148 | Avg: 0.1184 | Samples/s: 1
Step 180/5000 | Consistency: 0.0842 | Avg: 0.1208 | Samples/s: 1
Step 190/5000 | Consistency: 0.2249 | Avg: 0.1237 | Samples/s: 1
Step 200/5000 | Consistency: 0.1916 | Avg: 0.1257 | Samples/s: 1
Step 210/5000 | Consistency: 0.0631 | Avg: 0.1265 | Samples/s: 1
Step 220/5000 | Consistency: 0.2090 | Avg: 0.1268 | Samples/s: 1
Step 230/5000 | Consistency: 0.2354 | Avg: 0.1310 | Samples/s: 1
Step 240/5000 | Consistency: 0.1539 | Avg: 0.1319 | Samples/s: 1
Step 250/5000 | Consistency: 0.1495 | Avg: 0.1291 | Samples/s: 1
Step 260/5000 | Consistency: 0.1886 | Avg: 0.1310 | Samples/s: 1
Step 270/5000 | Consistency: 0.1520 | Avg: 0.1321 | Samples/s: 1
Step 280/5000 | Consistency: 0.0659 | Avg: 0.1300 | Samples/s: 1
Step 290/5000 | Consistency: 0.0747 | Avg: 0.1318 | Samples/s: 1
Step 300/5000 | Consistency: 0.1090 | Avg: 0.1307 | Samples/s: 1
Step 310/5000 | Consistency: 0.0736 | Avg: 0.1293 | Samples/s: 1
Step 320/5000 | Consistency: 0.1713 | Avg: 0.1294 | Samples/s: 1
Step 330/5000 | Consistency: 0.2279 | Avg: 0.1309 | Samples/s: 1
Step 340/5000 | Consistency: 0.1081 | Avg: 0.1322 | Samples/s: 1
Step 350/5000 | Consistency: 0.1574 | Avg: 0.1325 | Samples/s: 1
Step 360/5000 | Consistency: 0.1643 | Avg: 0.1327 | Samples/s: 1
Step 370/5000 | Consistency: 0.0458 | Avg: 0.1307 | Samples/s: 1
Step 380/5000 | Consistency: 0.2174 | Avg: 0.1302 | Samples/s: 1
Step 390/5000 | Consistency: 0.1455 | Avg: 0.1312 | Samples/s: 1
Step 400/5000 | Consistency: 0.2033 | Avg: 0.1328 | Samples/s: 1
Step 410/5000 | Consistency: 0.2316 | Avg: 0.1319 | Samples/s: 1
Step 420/5000 | Consistency: 0.1206 | Avg: 0.1332 | Samples/s: 1
Step 430/5000 | Consistency: 0.1617 | Avg: 0.1332 | Samples/s: 1
Step 440/5000 | Consistency: 0.0605 | Avg: 0.1319 | Samples/s: 1
Step 450/5000 | Consistency: 0.1159 | Avg: 0.1330 | Samples/s: 1
Step 460/5000 | Consistency: 0.0945 | Avg: 0.1328 | Samples/s: 1
Step 470/5000 | Consistency: 0.0676 | Avg: 0.1316 | Samples/s: 1
Step 480/5000 | Consistency: 0.1825 | Avg: 0.1319 | Samples/s: 1
Step 490/5000 | Consistency: 0.1678 | Avg: 0.1328 | Samples/s: 1
Step 500/5000 | Consistency: 0.0480 | Avg: 0.1328 | Samples/s: 1
  → Saved checkpoint: hebbian_step_500.pt
Step 510/5000 | Consistency: 0.2149 | Avg: 0.1328 | Samples/s: 1
Step 520/5000 | Consistency: 0.1808 | Avg: 0.1334 | Samples/s: 1
Step 530/5000 | Consistency: 0.0449 | Avg: 0.1318 | Samples/s: 1
Step 540/5000 | Consistency: 0.0873 | Avg: 0.1304 | Samples/s: 1
Step 550/5000 | Consistency: 0.2568 | Avg: 0.1316 | Samples/s: 1
Step 560/5000 | Consistency: 0.2423 | Avg: 0.1336 | Samples/s: 1
Step 570/5000 | Consistency: 0.2167 | Avg: 0.1339 | Samples/s: 1
Step 580/5000 | Consistency: 0.1525 | Avg: 0.1349 | Samples/s: 1
Step 590/5000 | Consistency: 0.1918 | Avg: 0.1356 | Samples/s: 1
Step 600/5000 | Consistency: 0.1422 | Avg: 0.1352 | Samples/s: 1
Step 610/5000 | Consistency: 0.1157 | Avg: 0.1352 | Samples/s: 1
Step 620/5000 | Consistency: 0.1954 | Avg: 0.1356 | Samples/s: 1
Step 630/5000 | Consistency: 0.0893 | Avg: 0.1355 | Samples/s: 1
Step 640/5000 | Consistency: 0.2239 | Avg: 0.1364 | Samples/s: 1
Step 650/5000 | Consistency: 0.1550 | Avg: 0.1374 | Samples/s: 1
Step 660/5000 | Consistency: 0.1687 | Avg: 0.1378 | Samples/s: 1
Step 670/5000 | Consistency: 0.1761 | Avg: 0.1383 | Samples/s: 1
Step 680/5000 | Consistency: 0.0777 | Avg: 0.1375 | Samples/s: 1
Step 690/5000 | Consistency: 0.1071 | Avg: 0.1378 | Samples/s: 1
Step 700/5000 | Consistency: 0.1478 | Avg: 0.1378 | Samples/s: 1
Step 710/5000 | Consistency: 0.1331 | Avg: 0.1378 | Samples/s: 1
Step 720/5000 | Consistency: 0.1823 | Avg: 0.1381 | Samples/s: 1
Step 730/5000 | Consistency: 0.0812 | Avg: 0.1368 | Samples/s: 1
Step 740/5000 | Consistency: 0.2081 | Avg: 0.1370 | Samples/s: 1
Step 750/5000 | Consistency: 0.1542 | Avg: 0.1374 | Samples/s: 1
Step 760/5000 | Consistency: 0.1127 | Avg: 0.1370 | Samples/s: 1
Step 770/5000 | Consistency: 0.0434 | Avg: 0.1377 | Samples/s: 1
Step 780/5000 | Consistency: 0.1399 | Avg: 0.1370 | Samples/s: 1
Step 790/5000 | Consistency: 0.1119 | Avg: 0.1367 | Samples/s: 1
Step 800/5000 | Consistency: 0.1593 | Avg: 0.1364 | Samples/s: 1
Step 810/5000 | Consistency: 0.1563 | Avg: 0.1373 | Samples/s: 1
Step 820/5000 | Consistency: 0.0448 | Avg: 0.1371 | Samples/s: 1
Step 830/5000 | Consistency: 0.1221 | Avg: 0.1365 | Samples/s: 1
Step 840/5000 | Consistency: 0.2267 | Avg: 0.1372 | Samples/s: 1
Step 850/5000 | Consistency: 0.1195 | Avg: 0.1382 | Samples/s: 1
Step 860/5000 | Consistency: 0.2315 | Avg: 0.1388 | Samples/s: 1
Step 870/5000 | Consistency: 0.2280 | Avg: 0.1398 | Samples/s: 1
Step 880/5000 | Consistency: 0.0580 | Avg: 0.1392 | Samples/s: 1
Step 890/5000 | Consistency: 0.0556 | Avg: 0.1380 | Samples/s: 1
Step 900/5000 | Consistency: 0.2129 | Avg: 0.1381 | Samples/s: 1
Step 910/5000 | Consistency: 0.0402 | Avg: 0.1378 | Samples/s: 1
Step 920/5000 | Consistency: 0.0911 | Avg: 0.1370 | Samples/s: 1
Step 930/5000 | Consistency: 0.1823 | Avg: 0.1366 | Samples/s: 1
Step 940/5000 | Consistency: 0.0924 | Avg: 0.1370 | Samples/s: 1
Step 950/5000 | Consistency: 0.0505 | Avg: 0.1364 | Samples/s: 1
Step 960/5000 | Consistency: 0.1588 | Avg: 0.1360 | Samples/s: 1
Step 970/5000 | Consistency: 0.0548 | Avg: 0.1359 | Samples/s: 1
Step 980/5000 | Consistency: 0.1116 | Avg: 0.1354 | Samples/s: 1
Step 990/5000 | Consistency: 0.1530 | Avg: 0.1352 | Samples/s: 1
Step 1000/5000 | Consistency: 0.1756 | Avg: 0.1351 | Samples/s: 1
  → Saved checkpoint: hebbian_step_1000.pt
Step 1010/5000 | Consistency: 0.0327 | Avg: 0.1341 | Samples/s: 1
Step 1020/5000 | Consistency: 0.0288 | Avg: 0.1332 | Samples/s: 1
Step 1030/5000 | Consistency: 0.0292 | Avg: 0.1322 | Samples/s: 1
Step 1040/5000 | Consistency: 0.0369 | Avg: 0.1312 | Samples/s: 1
Step 1050/5000 | Consistency: 0.0441 | Avg: 0.1304 | Samples/s: 1
Step 1060/5000 | Consistency: 0.0308 | Avg: 0.1295 | Samples/s: 1
Step 1070/5000 | Consistency: 0.0328 | Avg: 0.1286 | Samples/s: 1
Step 1080/5000 | Consistency: 0.0381 | Avg: 0.1277 | Samples/s: 1
Step 1090/5000 | Consistency: 0.0251 | Avg: 0.1271 | Samples/s: 1
Step 1100/5000 | Consistency: 0.0330 | Avg: 0.1262 | Samples/s: 1
Step 1110/5000 | Consistency: 0.0419 | Avg: 0.1254 | Samples/s: 1
Step 1120/5000 | Consistency: 0.0503 | Avg: 0.1246 | Samples/s: 1
Step 1130/5000 | Consistency: 0.0389 | Avg: 0.1241 | Samples/s: 1
Step 1140/5000 | Consistency: 0.0339 | Avg: 0.1233 | Samples/s: 1
Step 1150/5000 | Consistency: 0.0716 | Avg: 0.1227 | Samples/s: 1
Step 1160/5000 | Consistency: 0.0309 | Avg: 0.1219 | Samples/s: 1
Step 1170/5000 | Consistency: 0.0288 | Avg: 0.1211 | Samples/s: 1
Step 1180/5000 | Consistency: 0.0293 | Avg: 0.1204 | Samples/s: 1
Step 1190/5000 | Consistency: 0.1121 | Avg: 0.1199 | Samples/s: 1
Step 1200/5000 | Consistency: 0.0394 | Avg: 0.1193 | Samples/s: 1
Step 1210/5000 | Consistency: 0.0347 | Avg: 0.1186 | Samples/s: 1
Step 1220/5000 | Consistency: 0.0243 | Avg: 0.1180 | Samples/s: 1
Step 1230/5000 | Consistency: 0.0266 | Avg: 0.1173 | Samples/s: 1
Step 1240/5000 | Consistency: 0.0444 | Avg: 0.1166 | Samples/s: 1
Step 1250/5000 | Consistency: 0.0243 | Avg: 0.1159 | Samples/s: 1
Step 1260/5000 | Consistency: 0.0283 | Avg: 0.1152 | Samples/s: 1
Step 1270/5000 | Consistency: 0.0417 | Avg: 0.1146 | Samples/s: 1
Step 1280/5000 | Consistency: 0.0334 | Avg: 0.1139 | Samples/s: 1
Step 1290/5000 | Consistency: 0.0322 | Avg: 0.1133 | Samples/s: 1
Step 1300/5000 | Consistency: 0.0348 | Avg: 0.1127 | Samples/s: 1
Step 1310/5000 | Consistency: 0.0397 | Avg: 0.1121 | Samples/s: 1
Step 1320/5000 | Consistency: 0.0575 | Avg: 0.1116 | Samples/s: 1
Step 1330/5000 | Consistency: 0.0341 | Avg: 0.1109 | Samples/s: 1
Step 1340/5000 | Consistency: 0.0300 | Avg: 0.1104 | Samples/s: 1
Step 1350/5000 | Consistency: 0.0354 | Avg: 0.1098 | Samples/s: 1
Step 1360/5000 | Consistency: 0.0347 | Avg: 0.1092 | Samples/s: 1
Step 1370/5000 | Consistency: 0.0259 | Avg: 0.1087 | Samples/s: 1
Step 1380/5000 | Consistency: 0.0354 | Avg: 0.1082 | Samples/s: 1
Step 1390/5000 | Consistency: 0.0316 | Avg: 0.1076 | Samples/s: 1
Step 1400/5000 | Consistency: 0.0563 | Avg: 0.1072 | Samples/s: 1
Step 1410/5000 | Consistency: 0.0295 | Avg: 0.1066 | Samples/s: 1
Step 1420/5000 | Consistency: 0.0279 | Avg: 0.1061 | Samples/s: 1
Step 1430/5000 | Consistency: 0.0386 | Avg: 0.1056 | Samples/s: 1
Step 1440/5000 | Consistency: 0.0343 | Avg: 0.1051 | Samples/s: 1
Step 1450/5000 | Consistency: 0.0304 | Avg: 0.1046 | Samples/s: 1
Step 1460/5000 | Consistency: 0.0400 | Avg: 0.1041 | Samples/s: 1
Step 1470/5000 | Consistency: 0.0282 | Avg: 0.1036 | Samples/s: 1
Step 1480/5000 | Consistency: 0.0365 | Avg: 0.1032 | Samples/s: 1
Step 1490/5000 | Consistency: 0.0336 | Avg: 0.1027 | Samples/s: 1
Step 1500/5000 | Consistency: 0.0260 | Avg: 0.1022 | Samples/s: 1
  → Saved checkpoint: hebbian_step_1500.pt
Step 1510/5000 | Consistency: 0.0339 | Avg: 0.1017 | Samples/s: 1
Step 1520/5000 | Consistency: 0.0329 | Avg: 0.1013 | Samples/s: 1
Step 1530/5000 | Consistency: 0.0289 | Avg: 0.1008 | Samples/s: 1
Step 1540/5000 | Consistency: 0.0268 | Avg: 0.1004 | Samples/s: 1
Step 1550/5000 | Consistency: 0.0213 | Avg: 0.0999 | Samples/s: 1
Step 1560/5000 | Consistency: 0.0456 | Avg: 0.0995 | Samples/s: 1
Step 1570/5000 | Consistency: 0.0271 | Avg: 0.0990 | Samples/s: 1
Step 1580/5000 | Consistency: 0.0244 | Avg: 0.0986 | Samples/s: 1
Step 1590/5000 | Consistency: 0.0394 | Avg: 0.0982 | Samples/s: 1
Step 1600/5000 | Consistency: 0.0745 | Avg: 0.0978 | Samples/s: 1
Step 1610/5000 | Consistency: 0.0326 | Avg: 0.0975 | Samples/s: 1
Step 1620/5000 | Consistency: 0.0385 | Avg: 0.0971 | Samples/s: 1
Step 1630/5000 | Consistency: 0.1405 | Avg: 0.0971 | Samples/s: 1
Step 1640/5000 | Consistency: 0.1163 | Avg: 0.0971 | Samples/s: 1
Step 1650/5000 | Consistency: 0.0348 | Avg: 0.0969 | Samples/s: 1
Step 1660/5000 | Consistency: 0.1608 | Avg: 0.0969 | Samples/s: 1
Step 1670/5000 | Consistency: 0.0635 | Avg: 0.0969 | Samples/s: 1
Step 1680/5000 | Consistency: 0.0594 | Avg: 0.0966 | Samples/s: 1
Step 1690/5000 | Consistency: 0.0415 | Avg: 0.0963 | Samples/s: 1
Step 1700/5000 | Consistency: 0.0313 | Avg: 0.0960 | Samples/s: 1
Step 1710/5000 | Consistency: 0.0275 | Avg: 0.0956 | Samples/s: 1
Step 1720/5000 | Consistency: 0.0547 | Avg: 0.0952 | Samples/s: 1
Step 1730/5000 | Consistency: 0.0272 | Avg: 0.0949 | Samples/s: 1
Step 1740/5000 | Consistency: 0.0556 | Avg: 0.0946 | Samples/s: 1
Step 1750/5000 | Consistency: 0.1906 | Avg: 0.0946 | Samples/s: 1
Step 1760/5000 | Consistency: 0.1817 | Avg: 0.0952 | Samples/s: 1
Step 1770/5000 | Consistency: 0.0455 | Avg: 0.0951 | Samples/s: 1
Step 1780/5000 | Consistency: 0.0691 | Avg: 0.0949 | Samples/s: 1
Step 1790/5000 | Consistency: 0.0644 | Avg: 0.0948 | Samples/s: 1
Step 1800/5000 | Consistency: 0.1041 | Avg: 0.0946 | Samples/s: 1
Step 1810/5000 | Consistency: 0.0480 | Avg: 0.0943 | Samples/s: 1
Step 1820/5000 | Consistency: 0.0315 | Avg: 0.0942 | Samples/s: 1
Step 1830/5000 | Consistency: 0.0689 | Avg: 0.0939 | Samples/s: 1
Step 1840/5000 | Consistency: 0.0737 | Avg: 0.0937 | Samples/s: 1
Step 1850/5000 | Consistency: 0.0706 | Avg: 0.0941 | Samples/s: 1
Step 1860/5000 | Consistency: 0.0825 | Avg: 0.0939 | Samples/s: 1
Step 1870/5000 | Consistency: 0.1075 | Avg: 0.0940 | Samples/s: 1
Step 1880/5000 | Consistency: 0.2465 | Avg: 0.0943 | Samples/s: 1
Step 1890/5000 | Consistency: 0.0588 | Avg: 0.0945 | Samples/s: 1
Step 1900/5000 | Consistency: 0.0369 | Avg: 0.0945 | Samples/s: 1
Step 1910/5000 | Consistency: 0.1636 | Avg: 0.0944 | Samples/s: 1
Step 1920/5000 | Consistency: 0.0838 | Avg: 0.0944 | Samples/s: 1
Step 1930/5000 | Consistency: 0.0306 | Avg: 0.0942 | Samples/s: 1
Step 1940/5000 | Consistency: 0.0620 | Avg: 0.0939 | Samples/s: 1
Step 1950/5000 | Consistency: 0.0410 | Avg: 0.0938 | Samples/s: 1
Step 1960/5000 | Consistency: 0.1347 | Avg: 0.0937 | Samples/s: 1
Step 1970/5000 | Consistency: 0.0421 | Avg: 0.0934 | Samples/s: 1
Step 1980/5000 | Consistency: 0.0766 | Avg: 0.0932 | Samples/s: 1
Step 1990/5000 | Consistency: 0.0879 | Avg: 0.0932 | Samples/s: 1
Step 2000/5000 | Consistency: 0.1065 | Avg: 0.0931 | Samples/s: 1
  → Saved checkpoint: hebbian_step_2000.pt
Step 2010/5000 | Consistency: 0.1105 | Avg: 0.0930 | Samples/s: 1
Step 2020/5000 | Consistency: 0.0465 | Avg: 0.0931 | Samples/s: 1
Step 2030/5000 | Consistency: 0.0304 | Avg: 0.0929 | Samples/s: 1
Step 2040/5000 | Consistency: 0.1440 | Avg: 0.0928 | Samples/s: 1
Step 2050/5000 | Consistency: 0.0505 | Avg: 0.0925 | Samples/s: 1
Step 2060/5000 | Consistency: 0.0305 | Avg: 0.0925 | Samples/s: 1
Step 2070/5000 | Consistency: 0.0739 | Avg: 0.0922 | Samples/s: 1
Step 2080/5000 | Consistency: 0.1577 | Avg: 0.0924 | Samples/s: 1
Step 2090/5000 | Consistency: 0.0370 | Avg: 0.0923 | Samples/s: 1
Step 2100/5000 | Consistency: 0.0412 | Avg: 0.0921 | Samples/s: 1
Step 2110/5000 | Consistency: 0.0827 | Avg: 0.0919 | Samples/s: 1
Step 2120/5000 | Consistency: 0.2027 | Avg: 0.0920 | Samples/s: 1
Step 2130/5000 | Consistency: 0.0350 | Avg: 0.0918 | Samples/s: 1
Step 2140/5000 | Consistency: 0.0620 | Avg: 0.0916 | Samples/s: 1
Step 2150/5000 | Consistency: 0.0984 | Avg: 0.0915 | Samples/s: 1
Step 2160/5000 | Consistency: 0.0450 | Avg: 0.0913 | Samples/s: 1
Step 2170/5000 | Consistency: 0.0579 | Avg: 0.0912 | Samples/s: 1
Step 2180/5000 | Consistency: 0.0486 | Avg: 0.0910 | Samples/s: 1
Step 2190/5000 | Consistency: 0.0741 | Avg: 0.0909 | Samples/s: 1
Step 2200/5000 | Consistency: 0.1115 | Avg: 0.0908 | Samples/s: 1
Step 2210/5000 | Consistency: 0.0679 | Avg: 0.0907 | Samples/s: 1
Step 2220/5000 | Consistency: 0.0688 | Avg: 0.0908 | Samples/s: 1
Step 2230/5000 | Consistency: 0.1088 | Avg: 0.0908 | Samples/s: 1
Step 2240/5000 | Consistency: 0.1337 | Avg: 0.0909 | Samples/s: 1
Step 2250/5000 | Consistency: 0.0303 | Avg: 0.0908 | Samples/s: 1
Step 2260/5000 | Consistency: 0.0575 | Avg: 0.0906 | Samples/s: 1
Step 2270/5000 | Consistency: 0.0446 | Avg: 0.0905 | Samples/s: 1
Step 2280/5000 | Consistency: 0.0724 | Avg: 0.0903 | Samples/s: 1
Step 2290/5000 | Consistency: 0.0392 | Avg: 0.0900 | Samples/s: 1
Step 2300/5000 | Consistency: 0.0338 | Avg: 0.0899 | Samples/s: 1
Step 2310/5000 | Consistency: 0.0497 | Avg: 0.0896 | Samples/s: 1
Step 2320/5000 | Consistency: 0.0587 | Avg: 0.0895 | Samples/s: 1
Step 2330/5000 | Consistency: 0.0424 | Avg: 0.0893 | Samples/s: 1
Step 2340/5000 | Consistency: 0.0435 | Avg: 0.0891 | Samples/s: 1
Step 2350/5000 | Consistency: 0.0376 | Avg: 0.0890 | Samples/s: 1
Step 2360/5000 | Consistency: 0.0827 | Avg: 0.0888 | Samples/s: 1
Step 2370/5000 | Consistency: 0.0369 | Avg: 0.0886 | Samples/s: 1
Step 2380/5000 | Consistency: 0.0348 | Avg: 0.0884 | Samples/s: 1
Step 2390/5000 | Consistency: 0.0648 | Avg: 0.0882 | Samples/s: 1
Step 2400/5000 | Consistency: 0.0513 | Avg: 0.0881 | Samples/s: 1
Step 2410/5000 | Consistency: 0.0271 | Avg: 0.0879 | Samples/s: 1
Step 2420/5000 | Consistency: 0.0509 | Avg: 0.0877 | Samples/s: 1
Step 2430/5000 | Consistency: 0.0432 | Avg: 0.0875 | Samples/s: 1
Step 2440/5000 | Consistency: 0.0521 | Avg: 0.0873 | Samples/s: 1
Step 2450/5000 | Consistency: 0.0436 | Avg: 0.0871 | Samples/s: 1
Step 2460/5000 | Consistency: 0.0369 | Avg: 0.0870 | Samples/s: 1
Step 2470/5000 | Consistency: 0.0385 | Avg: 0.0868 | Samples/s: 1
Step 2480/5000 | Consistency: 0.0382 | Avg: 0.0866 | Samples/s: 1
Step 2490/5000 | Consistency: 0.0380 | Avg: 0.0865 | Samples/s: 1
Step 2500/5000 | Consistency: 0.0397 | Avg: 0.0863 | Samples/s: 1
Traceback (most recent call last):
  File "/home/keeg/pi2_training/.venv/lib/python3.12/site-packages/torch/serialization.py", line 629, in save
    _save(obj, opened_zipfile, pickle_module, pickle_protocol, _disable_byteorder_record)
  File "/home/keeg/pi2_training/.venv/lib/python3.12/site-packages/torch/serialization.py", line 863, in _save
    zip_file.write_record(name, storage.data_ptr(), num_bytes)
RuntimeError: [enforce fail at inline_container.cc:764] . PytorchStreamWriter failed writing file data/510: file write failed

During handling of the above exception, another exception occurred:

Traceback (most recent call last):
  File "/home/keeg/pi2_training/train_hebbian.py", line 403, in <module>
    main()
  File "/home/keeg/pi2_training/train_hebbian.py", line 391, in main
    train_hebbian(
  File "/home/keeg/pi2_training/train_hebbian.py", line 281, in train_hebbian
    torch.save({
  File "/home/keeg/pi2_training/.venv/lib/python3.12/site-packages/torch/serialization.py", line 628, in save
    with _open_zipfile_writer(f) as opened_zipfile:
  File "/home/keeg/pi2_training/.venv/lib/python3.12/site-packages/torch/serialization.py", line 476, in __exit__
    self.file_like.write_end_of_file()
RuntimeError: [enforce fail at inline_container.cc:595] . unexpected pos 4948741440 vs 4948741336
